{"uid":"87bd5fe0ad1dab06","name":"testGetNonExistentBoard","fullName":"com.trello.tests.BoardTest.testGetNonExistentBoard","historyId":"2a1be1893bbc7b5e9eddc1eddf48d740","time":{"start":1768601650321,"stop":1768601650433,"duration":112},"description":"Get non-existent board - negative test","descriptionHtml":"<p>Get non-existent board - negative test</p>\n","status":"failed","statusMessage":"Expected status 404 but got 400 expected [404] but found [400]","statusTrace":"java.lang.AssertionError: Expected status 404 but got 400 expected [404] but found [400]\n\tat org.testng.Assert.fail(Assert.java:111)\n\tat org.testng.Assert.failNotEquals(Assert.java:1590)\n\tat org.testng.Assert.assertEqualsImpl(Assert.java:150)\n\tat org.testng.Assert.assertEquals(Assert.java:132)\n\tat org.testng.Assert.assertEquals(Assert.java:1431)\n\tat org.testng.Assert.assertEquals(Assert.java:1395)\n\tat com.trello.steps.BoardSteps.validateStatusCode(BoardSteps.java:71)\n\tat com.trello.tests.BoardTest.testGetNonExistentBoard(BoardTest.java:127)\n\tat java.base/jdk.internal.reflect.NativeMethodAccessorImpl.invoke0(Native Method)\n\tat java.base/jdk.internal.reflect.NativeMethodAccessorImpl.invoke(NativeMethodAccessorImpl.java:77)\n\tat java.base/jdk.internal.reflect.DelegatingMethodAccessorImpl.invoke(DelegatingMethodAccessorImpl.java:43)\n\tat java.base/java.lang.reflect.Method.invoke(Method.java:569)\n\tat org.testng.internal.invokers.MethodInvocationHelper.invokeMethod(MethodInvocationHelper.java:141)\n\tat org.testng.internal.invokers.TestInvoker.invokeMethod(TestInvoker.java:687)\n\tat org.testng.internal.invokers.TestInvoker.invokeTestMethod(TestInvoker.java:230)\n\tat org.testng.internal.invokers.MethodRunner.runInSequence(MethodRunner.java:63)\n\tat org.testng.internal.invokers.TestInvoker$MethodInvocationAgent.invoke(TestInvoker.java:995)\n\tat org.testng.internal.invokers.TestInvoker.invokeTestMethods(TestInvoker.java:203)\n\tat org.testng.internal.invokers.TestMethodWorker.invokeTestMethods(TestMethodWorker.java:154)\n\tat org.testng.internal.invokers.TestMethodWorker.run(TestMethodWorker.java:134)\n\tat java.base/java.util.ArrayList.forEach(ArrayList.java:1511)\n\tat org.testng.TestRunner.privateRun(TestRunner.java:741)\n\tat org.testng.TestRunner.run(TestRunner.java:616)\n\tat org.testng.SuiteRunner.runTest(SuiteRunner.java:421)\n\tat org.testng.SuiteRunner.runSequentially(SuiteRunner.java:413)\n\tat org.testng.SuiteRunner.privateRun(SuiteRunner.java:373)\n\tat org.testng.SuiteRunner.run(SuiteRunner.java:312)\n\tat org.testng.SuiteRunnerWorker.runSuite(SuiteRunnerWorker.java:52)\n\tat org.testng.SuiteRunnerWorker.run(SuiteRunnerWorker.java:95)\n\tat org.testng.TestNG.runSuitesSequentially(TestNG.java:1274)\n\tat org.testng.TestNG.runSuitesLocally(TestNG.java:1208)\n\tat org.testng.TestNG.runSuites(TestNG.java:1112)\n\tat org.testng.TestNG.run(TestNG.java:1079)\n\tat org.apache.maven.surefire.testng.TestNGExecutor.run(TestNGExecutor.java:308)\n\tat org.apache.maven.surefire.testng.TestNGXmlTestSuite.execute(TestNGXmlTestSuite.java:71)\n\tat org.apache.maven.surefire.testng.TestNGProvider.invoke(TestNGProvider.java:113)\n\tat org.apache.maven.surefire.booter.ForkedBooter.runSuitesInProcess(ForkedBooter.java:385)\n\tat org.apache.maven.surefire.booter.ForkedBooter.execute(ForkedBooter.java:162)\n\tat org.apache.maven.surefire.booter.ForkedBooter.run(ForkedBooter.java:507)\n\tat org.apache.maven.surefire.booter.ForkedBooter.main(ForkedBooter.java:495)\n","flaky":false,"newFailed":false,"newBroken":false,"newPassed":false,"retriesCount":0,"retriesStatusChange":false,"beforeStages":[{"name":"setup","time":{"start":1768601644534,"stop":1768601645312,"duration":778},"description":"","status":"passed","steps":[],"attachments":[],"parameters":[],"stepsCount":0,"shouldDisplayMessage":false,"attachmentsCount":0,"hasContent":false,"attachmentStep":false},{"name":"prepareTestData","time":{"start":1768601645313,"stop":1768601645463,"duration":150},"description":"","status":"passed","steps":[],"attachments":[],"parameters":[],"stepsCount":0,"shouldDisplayMessage":false,"attachmentsCount":0,"hasContent":false,"attachmentStep":false}],"testStage":{"description":"Get non-existent board - negative test","status":"failed","statusMessage":"Expected status 404 but got 400 expected [404] but found [400]","statusTrace":"java.lang.AssertionError: Expected status 404 but got 400 expected [404] but found [400]\n\tat org.testng.Assert.fail(Assert.java:111)\n\tat org.testng.Assert.failNotEquals(Assert.java:1590)\n\tat org.testng.Assert.assertEqualsImpl(Assert.java:150)\n\tat org.testng.Assert.assertEquals(Assert.java:132)\n\tat org.testng.Assert.assertEquals(Assert.java:1431)\n\tat org.testng.Assert.assertEquals(Assert.java:1395)\n\tat com.trello.steps.BoardSteps.validateStatusCode(BoardSteps.java:71)\n\tat com.trello.tests.BoardTest.testGetNonExistentBoard(BoardTest.java:127)\n\tat java.base/jdk.internal.reflect.NativeMethodAccessorImpl.invoke0(Native Method)\n\tat java.base/jdk.internal.reflect.NativeMethodAccessorImpl.invoke(NativeMethodAccessorImpl.java:77)\n\tat java.base/jdk.internal.reflect.DelegatingMethodAccessorImpl.invoke(DelegatingMethodAccessorImpl.java:43)\n\tat java.base/java.lang.reflect.Method.invoke(Method.java:569)\n\tat org.testng.internal.invokers.MethodInvocationHelper.invokeMethod(MethodInvocationHelper.java:141)\n\tat org.testng.internal.invokers.TestInvoker.invokeMethod(TestInvoker.java:687)\n\tat org.testng.internal.invokers.TestInvoker.invokeTestMethod(TestInvoker.java:230)\n\tat org.testng.internal.invokers.MethodRunner.runInSequence(MethodRunner.java:63)\n\tat org.testng.internal.invokers.TestInvoker$MethodInvocationAgent.invoke(TestInvoker.java:995)\n\tat org.testng.internal.invokers.TestInvoker.invokeTestMethods(TestInvoker.java:203)\n\tat org.testng.internal.invokers.TestMethodWorker.invokeTestMethods(TestMethodWorker.java:154)\n\tat org.testng.internal.invokers.TestMethodWorker.run(TestMethodWorker.java:134)\n\tat java.base/java.util.ArrayList.forEach(ArrayList.java:1511)\n\tat org.testng.TestRunner.privateRun(TestRunner.java:741)\n\tat org.testng.TestRunner.run(TestRunner.java:616)\n\tat org.testng.SuiteRunner.runTest(SuiteRunner.java:421)\n\tat org.testng.SuiteRunner.runSequentially(SuiteRunner.java:413)\n\tat org.testng.SuiteRunner.privateRun(SuiteRunner.java:373)\n\tat org.testng.SuiteRunner.run(SuiteRunner.java:312)\n\tat org.testng.SuiteRunnerWorker.runSuite(SuiteRunnerWorker.java:52)\n\tat org.testng.SuiteRunnerWorker.run(SuiteRunnerWorker.java:95)\n\tat org.testng.TestNG.runSuitesSequentially(TestNG.java:1274)\n\tat org.testng.TestNG.runSuitesLocally(TestNG.java:1208)\n\tat org.testng.TestNG.runSuites(TestNG.java:1112)\n\tat org.testng.TestNG.run(TestNG.java:1079)\n\tat org.apache.maven.surefire.testng.TestNGExecutor.run(TestNGExecutor.java:308)\n\tat org.apache.maven.surefire.testng.TestNGXmlTestSuite.execute(TestNGXmlTestSuite.java:71)\n\tat org.apache.maven.surefire.testng.TestNGProvider.invoke(TestNGProvider.java:113)\n\tat org.apache.maven.surefire.booter.ForkedBooter.runSuitesInProcess(ForkedBooter.java:385)\n\tat org.apache.maven.surefire.booter.ForkedBooter.execute(ForkedBooter.java:162)\n\tat org.apache.maven.surefire.booter.ForkedBooter.run(ForkedBooter.java:507)\n\tat org.apache.maven.surefire.booter.ForkedBooter.main(ForkedBooter.java:495)\n","steps":[{"name":"Action: Get board by ID: 4aea33d0-1ec0-4e81-b864-d34185e31771","time":{"start":1768601650321,"stop":1768601650423,"duration":102},"status":"passed","steps":[],"attachments":[],"parameters":[{"name":"boardId","value":"4aea33d0-1ec0-4e81-b864-d34185e31771"}],"stepsCount":0,"shouldDisplayMessage":false,"attachmentsCount":0,"hasContent":true,"attachmentStep":false},{"name":"Assert: Validate response status code is 404","time":{"start":1768601650424,"stop":1768601650430,"duration":6},"status":"failed","statusMessage":"Expected status 404 but got 400 expected [404] but found [400]","statusTrace":"java.lang.AssertionError: Expected status 404 but got 400 expected [404] but found [400]\n\tat org.testng.Assert.fail(Assert.java:111)\n\tat org.testng.Assert.failNotEquals(Assert.java:1590)\n\tat org.testng.Assert.assertEqualsImpl(Assert.java:150)\n\tat org.testng.Assert.assertEquals(Assert.java:132)\n\tat org.testng.Assert.assertEquals(Assert.java:1431)\n\tat org.testng.Assert.assertEquals(Assert.java:1395)\n\tat com.trello.steps.BoardSteps.validateStatusCode(BoardSteps.java:71)\n\tat com.trello.tests.BoardTest.testGetNonExistentBoard(BoardTest.java:127)\n\tat java.base/jdk.internal.reflect.NativeMethodAccessorImpl.invoke0(Native Method)\n\tat java.base/jdk.internal.reflect.NativeMethodAccessorImpl.invoke(NativeMethodAccessorImpl.java:77)\n\tat java.base/jdk.internal.reflect.DelegatingMethodAccessorImpl.invoke(DelegatingMethodAccessorImpl.java:43)\n\tat java.base/java.lang.reflect.Method.invoke(Method.java:569)\n\tat org.testng.internal.invokers.MethodInvocationHelper.invokeMethod(MethodInvocationHelper.java:141)\n\tat org.testng.internal.invokers.TestInvoker.invokeMethod(TestInvoker.java:687)\n\tat org.testng.internal.invokers.TestInvoker.invokeTestMethod(TestInvoker.java:230)\n\tat org.testng.internal.invokers.MethodRunner.runInSequence(MethodRunner.java:63)\n\tat org.testng.internal.invokers.TestInvoker$MethodInvocationAgent.invoke(TestInvoker.java:995)\n\tat org.testng.internal.invokers.TestInvoker.invokeTestMethods(TestInvoker.java:203)\n\tat org.testng.internal.invokers.TestMethodWorker.invokeTestMethods(TestMethodWorker.java:154)\n\tat org.testng.internal.invokers.TestMethodWorker.run(TestMethodWorker.java:134)\n\tat java.base/java.util.ArrayList.forEach(ArrayList.java:1511)\n\tat org.testng.TestRunner.privateRun(TestRunner.java:741)\n\tat org.testng.TestRunner.run(TestRunner.java:616)\n\tat org.testng.SuiteRunner.runTest(SuiteRunner.java:421)\n\tat org.testng.SuiteRunner.runSequentially(SuiteRunner.java:413)\n\tat org.testng.SuiteRunner.privateRun(SuiteRunner.java:373)\n\tat org.testng.SuiteRunner.run(SuiteRunner.java:312)\n\tat org.testng.SuiteRunnerWorker.runSuite(SuiteRunnerWorker.java:52)\n\tat org.testng.SuiteRunnerWorker.run(SuiteRunnerWorker.java:95)\n\tat org.testng.TestNG.runSuitesSequentially(TestNG.java:1274)\n\tat org.testng.TestNG.runSuitesLocally(TestNG.java:1208)\n\tat org.testng.TestNG.runSuites(TestNG.java:1112)\n\tat org.testng.TestNG.run(TestNG.java:1079)\n\tat org.apache.maven.surefire.testng.TestNGExecutor.run(TestNGExecutor.java:308)\n\tat org.apache.maven.surefire.testng.TestNGXmlTestSuite.execute(TestNGXmlTestSuite.java:71)\n\tat org.apache.maven.surefire.testng.TestNGProvider.invoke(TestNGProvider.java:113)\n\tat org.apache.maven.surefire.booter.ForkedBooter.runSuitesInProcess(ForkedBooter.java:385)\n\tat org.apache.maven.surefire.booter.ForkedBooter.execute(ForkedBooter.java:162)\n\tat org.apache.maven.surefire.booter.ForkedBooter.run(ForkedBooter.java:507)\n\tat org.apache.maven.surefire.booter.ForkedBooter.main(ForkedBooter.java:495)\n","steps":[],"attachments":[],"parameters":[{"name":"response","value":"io.restassured.internal.RestAssuredResponseImpl@d863bb"},{"name":"expectedStatus","value":"404"}],"stepsCount":0,"shouldDisplayMessage":true,"attachmentsCount":0,"hasContent":true,"attachmentStep":false}],"attachments":[],"parameters":[],"stepsCount":2,"shouldDisplayMessage":false,"attachmentsCount":0,"hasContent":true,"attachmentStep":false},"afterStages":[{"name":"tearDown","time":{"start":1768601650977,"stop":1768601652770,"duration":1793},"description":"","status":"passed","steps":[],"attachments":[],"parameters":[],"stepsCount":0,"shouldDisplayMessage":false,"attachmentsCount":0,"hasContent":false,"attachmentStep":false},{"name":"teardown","time":{"start":1768601652771,"stop":1768601652771,"duration":0},"description":"","status":"passed","steps":[],"attachments":[],"parameters":[],"stepsCount":0,"shouldDisplayMessage":false,"attachmentsCount":0,"hasContent":false,"attachmentStep":false}],"labels":[{"name":"package","value":"com.trello.tests.BoardTest"},{"name":"testClass","value":"com.trello.tests.BoardTest"},{"name":"testMethod","value":"testGetNonExistentBoard"},{"name":"parentSuite","value":"RegressionTests"},{"name":"suite","value":"TrelloBoardRegression"},{"name":"subSuite","value":"com.trello.tests.BoardTest"},{"name":"host","value":"runnervmmtnos"},{"name":"thread","value":"2199@runnervmmtnos.main(1)"},{"name":"framework","value":"testng"},{"name":"language","value":"java"},{"name":"severity","value":"normal"},{"name":"resultFormat","value":"allure2"}],"parameters":[],"links":[],"hidden":false,"retry":false,"extra":{"severity":"normal","retries":[],"categories":[{"name":"Product defects","matchedStatuses":[],"flaky":false}],"history":{"statistic":{"failed":48,"broken":0,"skipped":0,"passed":0,"unknown":0,"total":48},"items":[{"uid":"8970cccee6ed10a0","reportUrl":"https://cornelisp.github.io/TrelloApiTests/136/#testresult/8970cccee6ed10a0","status":"failed","statusDetails":"Expected status 404 but got 400 expected [404] but found [400]","time":{"start":1768515296071,"stop":1768515296188,"duration":117}},{"uid":"c3e64bc64a4ed2cf","reportUrl":"https://cornelisp.github.io/TrelloApiTests/135/#testresult/c3e64bc64a4ed2cf","status":"failed","statusDetails":"Expected status 404 but got 400 expected [404] but found [400]","time":{"start":1768428920124,"stop":1768428920221,"duration":97}},{"uid":"92977276a855d7e4","reportUrl":"https://cornelisp.github.io/TrelloApiTests/134/#testresult/92977276a855d7e4","status":"failed","statusDetails":"Expected status 404 but got 400 expected [404] but found [400]","time":{"start":1768342504593,"stop":1768342504749,"duration":156}},{"uid":"6fa1fabef87e426d","reportUrl":"https://cornelisp.github.io/TrelloApiTests/133/#testresult/6fa1fabef87e426d","status":"failed","statusDetails":"Expected status 404 but got 400 expected [404] but found [400]","time":{"start":1768256006408,"stop":1768256006579,"duration":171}},{"uid":"1ef5e95555a9a5cd","reportUrl":"https://cornelisp.github.io/TrelloApiTests/132/#testresult/1ef5e95555a9a5cd","status":"failed","statusDetails":"Expected status 404 but got 400 expected [404] but found [400]","time":{"start":1768169570557,"stop":1768169570741,"duration":184}},{"uid":"34fcba0cbc773431","reportUrl":"https://cornelisp.github.io/TrelloApiTests/131/#testresult/34fcba0cbc773431","status":"failed","statusDetails":"Expected status 404 but got 400 expected [404] but found [400]","time":{"start":1768083184613,"stop":1768083184712,"duration":99}},{"uid":"dc0448fc918df6e8","reportUrl":"https://cornelisp.github.io/TrelloApiTests/130/#testresult/dc0448fc918df6e8","status":"failed","statusDetails":"Expected status 404 but got 400 expected [404] but found [400]","time":{"start":1767996839530,"stop":1767996839689,"duration":159}},{"uid":"2b4e95c0af12124d","reportUrl":"https://cornelisp.github.io/TrelloApiTests/129/#testresult/2b4e95c0af12124d","status":"failed","statusDetails":"Expected status 404 but got 400 expected [404] but found [400]","time":{"start":1767910462336,"stop":1767910462419,"duration":83}},{"uid":"6e8feba2224cabe4","reportUrl":"https://cornelisp.github.io/TrelloApiTests/128/#testresult/6e8feba2224cabe4","status":"failed","statusDetails":"Expected status 404 but got 400 expected [404] but found [400]","time":{"start":1767824033014,"stop":1767824033140,"duration":126}},{"uid":"aa868db1f27d3cfa","reportUrl":"https://cornelisp.github.io/TrelloApiTests/127/#testresult/aa868db1f27d3cfa","status":"failed","statusDetails":"Expected status 404 but got 400 expected [404] but found [400]","time":{"start":1767737655539,"stop":1767737655673,"duration":134}},{"uid":"87f4d029924924fa","reportUrl":"https://cornelisp.github.io/TrelloApiTests/126/#testresult/87f4d029924924fa","status":"failed","statusDetails":"Expected status 404 but got 400 expected [404] but found [400]","time":{"start":1767651247665,"stop":1767651247829,"duration":164}},{"uid":"1523de20a9ae2f95","reportUrl":"https://cornelisp.github.io/TrelloApiTests/125/#testresult/1523de20a9ae2f95","status":"failed","statusDetails":"Expected status 404 but got 400 expected [404] but found [400]","time":{"start":1767564795239,"stop":1767564795398,"duration":159}},{"uid":"9ff299fcf6080f40","reportUrl":"https://cornelisp.github.io/TrelloApiTests/124/#testresult/9ff299fcf6080f40","status":"failed","statusDetails":"Expected status 404 but got 400 expected [404] but found [400]","time":{"start":1767478371715,"stop":1767478371806,"duration":91}},{"uid":"a6c540c9325ef8f1","reportUrl":"https://cornelisp.github.io/TrelloApiTests/123/#testresult/a6c540c9325ef8f1","status":"failed","statusDetails":"Expected status 404 but got 400 expected [404] but found [400]","time":{"start":1767392027342,"stop":1767392027444,"duration":102}},{"uid":"454fbfe8544878f7","reportUrl":"https://cornelisp.github.io/TrelloApiTests/122/#testresult/454fbfe8544878f7","status":"failed","statusDetails":"Expected status 404 but got 400 expected [404] but found [400]","time":{"start":1767305595702,"stop":1767305595859,"duration":157}},{"uid":"8e2f92384f7a8691","reportUrl":"https://cornelisp.github.io/TrelloApiTests/121/#testresult/8e2f92384f7a8691","status":"failed","statusDetails":"Expected status 404 but got 400 expected [404] but found [400]","time":{"start":1767219228855,"stop":1767219229019,"duration":164}},{"uid":"b7d7eae2a8c1cfe","reportUrl":"https://cornelisp.github.io/TrelloApiTests/120/#testresult/b7d7eae2a8c1cfe","status":"failed","statusDetails":"Expected status 404 but got 400 expected [404] but found [400]","time":{"start":1767132803061,"stop":1767132803192,"duration":131}},{"uid":"3dc0430c6ed82fcb","reportUrl":"https://cornelisp.github.io/TrelloApiTests/119/#testresult/3dc0430c6ed82fcb","status":"failed","statusDetails":"Expected status 404 but got 400 expected [404] but found [400]","time":{"start":1767046397004,"stop":1767046397130,"duration":126}},{"uid":"371f2e56e245c001","reportUrl":"https://cornelisp.github.io/TrelloApiTests/118/#testresult/371f2e56e245c001","status":"failed","statusDetails":"Expected status 404 but got 400 expected [404] but found [400]","time":{"start":1766959991425,"stop":1766959991578,"duration":153}},{"uid":"ad8082ce75cebd30","reportUrl":"https://cornelisp.github.io/TrelloApiTests/117/#testresult/ad8082ce75cebd30","status":"failed","statusDetails":"Expected status 404 but got 400 expected [404] but found [400]","time":{"start":1766873563383,"stop":1766873563485,"duration":102}}]},"tags":[]},"source":"87bd5fe0ad1dab06.json","parameterValues":[]}