{"uid":"ad8082ce75cebd30","name":"testGetNonExistentBoard","fullName":"com.trello.tests.BoardTest.testGetNonExistentBoard","historyId":"2a1be1893bbc7b5e9eddc1eddf48d740","time":{"start":1766873563383,"stop":1766873563485,"duration":102},"description":"Get non-existent board - negative test","descriptionHtml":"<p>Get non-existent board - negative test</p>\n","status":"failed","statusMessage":"Expected status 404 but got 400 expected [404] but found [400]","statusTrace":"java.lang.AssertionError: Expected status 404 but got 400 expected [404] but found [400]\n\tat org.testng.Assert.fail(Assert.java:111)\n\tat org.testng.Assert.failNotEquals(Assert.java:1590)\n\tat org.testng.Assert.assertEqualsImpl(Assert.java:150)\n\tat org.testng.Assert.assertEquals(Assert.java:132)\n\tat org.testng.Assert.assertEquals(Assert.java:1431)\n\tat org.testng.Assert.assertEquals(Assert.java:1395)\n\tat com.trello.steps.BoardSteps.validateStatusCode(BoardSteps.java:71)\n\tat com.trello.tests.BoardTest.testGetNonExistentBoard(BoardTest.java:127)\n\tat java.base/jdk.internal.reflect.NativeMethodAccessorImpl.invoke0(Native Method)\n\tat java.base/jdk.internal.reflect.NativeMethodAccessorImpl.invoke(NativeMethodAccessorImpl.java:77)\n\tat java.base/jdk.internal.reflect.DelegatingMethodAccessorImpl.invoke(DelegatingMethodAccessorImpl.java:43)\n\tat java.base/java.lang.reflect.Method.invoke(Method.java:569)\n\tat org.testng.internal.invokers.MethodInvocationHelper.invokeMethod(MethodInvocationHelper.java:141)\n\tat org.testng.internal.invokers.TestInvoker.invokeMethod(TestInvoker.java:687)\n\tat org.testng.internal.invokers.TestInvoker.invokeTestMethod(TestInvoker.java:230)\n\tat org.testng.internal.invokers.MethodRunner.runInSequence(MethodRunner.java:63)\n\tat org.testng.internal.invokers.TestInvoker$MethodInvocationAgent.invoke(TestInvoker.java:995)\n\tat org.testng.internal.invokers.TestInvoker.invokeTestMethods(TestInvoker.java:203)\n\tat org.testng.internal.invokers.TestMethodWorker.invokeTestMethods(TestMethodWorker.java:154)\n\tat org.testng.internal.invokers.TestMethodWorker.run(TestMethodWorker.java:134)\n\tat java.base/java.util.ArrayList.forEach(ArrayList.java:1511)\n\tat org.testng.TestRunner.privateRun(TestRunner.java:741)\n\tat org.testng.TestRunner.run(TestRunner.java:616)\n\tat org.testng.SuiteRunner.runTest(SuiteRunner.java:421)\n\tat org.testng.SuiteRunner.runSequentially(SuiteRunner.java:413)\n\tat org.testng.SuiteRunner.privateRun(SuiteRunner.java:373)\n\tat org.testng.SuiteRunner.run(SuiteRunner.java:312)\n\tat org.testng.SuiteRunnerWorker.runSuite(SuiteRunnerWorker.java:52)\n\tat org.testng.SuiteRunnerWorker.run(SuiteRunnerWorker.java:95)\n\tat org.testng.TestNG.runSuitesSequentially(TestNG.java:1274)\n\tat org.testng.TestNG.runSuitesLocally(TestNG.java:1208)\n\tat org.testng.TestNG.runSuites(TestNG.java:1112)\n\tat org.testng.TestNG.run(TestNG.java:1079)\n\tat org.apache.maven.surefire.testng.TestNGExecutor.run(TestNGExecutor.java:308)\n\tat org.apache.maven.surefire.testng.TestNGXmlTestSuite.execute(TestNGXmlTestSuite.java:71)\n\tat org.apache.maven.surefire.testng.TestNGProvider.invoke(TestNGProvider.java:113)\n\tat org.apache.maven.surefire.booter.ForkedBooter.runSuitesInProcess(ForkedBooter.java:385)\n\tat org.apache.maven.surefire.booter.ForkedBooter.execute(ForkedBooter.java:162)\n\tat org.apache.maven.surefire.booter.ForkedBooter.run(ForkedBooter.java:507)\n\tat org.apache.maven.surefire.booter.ForkedBooter.main(ForkedBooter.java:495)\n","flaky":false,"newFailed":false,"newBroken":false,"newPassed":false,"retriesCount":0,"retriesStatusChange":false,"beforeStages":[{"name":"setup","time":{"start":1766873557491,"stop":1766873558331,"duration":840},"description":"","status":"passed","steps":[],"attachments":[],"parameters":[],"stepsCount":0,"shouldDisplayMessage":false,"attachmentsCount":0,"hasContent":false,"attachmentStep":false},{"name":"prepareTestData","time":{"start":1766873558332,"stop":1766873558503,"duration":171},"description":"","status":"passed","steps":[],"attachments":[],"parameters":[],"stepsCount":0,"shouldDisplayMessage":false,"attachmentsCount":0,"hasContent":false,"attachmentStep":false}],"testStage":{"description":"Get non-existent board - negative test","status":"failed","statusMessage":"Expected status 404 but got 400 expected [404] but found [400]","statusTrace":"java.lang.AssertionError: Expected status 404 but got 400 expected [404] but found [400]\n\tat org.testng.Assert.fail(Assert.java:111)\n\tat org.testng.Assert.failNotEquals(Assert.java:1590)\n\tat org.testng.Assert.assertEqualsImpl(Assert.java:150)\n\tat org.testng.Assert.assertEquals(Assert.java:132)\n\tat org.testng.Assert.assertEquals(Assert.java:1431)\n\tat org.testng.Assert.assertEquals(Assert.java:1395)\n\tat com.trello.steps.BoardSteps.validateStatusCode(BoardSteps.java:71)\n\tat com.trello.tests.BoardTest.testGetNonExistentBoard(BoardTest.java:127)\n\tat java.base/jdk.internal.reflect.NativeMethodAccessorImpl.invoke0(Native Method)\n\tat java.base/jdk.internal.reflect.NativeMethodAccessorImpl.invoke(NativeMethodAccessorImpl.java:77)\n\tat java.base/jdk.internal.reflect.DelegatingMethodAccessorImpl.invoke(DelegatingMethodAccessorImpl.java:43)\n\tat java.base/java.lang.reflect.Method.invoke(Method.java:569)\n\tat org.testng.internal.invokers.MethodInvocationHelper.invokeMethod(MethodInvocationHelper.java:141)\n\tat org.testng.internal.invokers.TestInvoker.invokeMethod(TestInvoker.java:687)\n\tat org.testng.internal.invokers.TestInvoker.invokeTestMethod(TestInvoker.java:230)\n\tat org.testng.internal.invokers.MethodRunner.runInSequence(MethodRunner.java:63)\n\tat org.testng.internal.invokers.TestInvoker$MethodInvocationAgent.invoke(TestInvoker.java:995)\n\tat org.testng.internal.invokers.TestInvoker.invokeTestMethods(TestInvoker.java:203)\n\tat org.testng.internal.invokers.TestMethodWorker.invokeTestMethods(TestMethodWorker.java:154)\n\tat org.testng.internal.invokers.TestMethodWorker.run(TestMethodWorker.java:134)\n\tat java.base/java.util.ArrayList.forEach(ArrayList.java:1511)\n\tat org.testng.TestRunner.privateRun(TestRunner.java:741)\n\tat org.testng.TestRunner.run(TestRunner.java:616)\n\tat org.testng.SuiteRunner.runTest(SuiteRunner.java:421)\n\tat org.testng.SuiteRunner.runSequentially(SuiteRunner.java:413)\n\tat org.testng.SuiteRunner.privateRun(SuiteRunner.java:373)\n\tat org.testng.SuiteRunner.run(SuiteRunner.java:312)\n\tat org.testng.SuiteRunnerWorker.runSuite(SuiteRunnerWorker.java:52)\n\tat org.testng.SuiteRunnerWorker.run(SuiteRunnerWorker.java:95)\n\tat org.testng.TestNG.runSuitesSequentially(TestNG.java:1274)\n\tat org.testng.TestNG.runSuitesLocally(TestNG.java:1208)\n\tat org.testng.TestNG.runSuites(TestNG.java:1112)\n\tat org.testng.TestNG.run(TestNG.java:1079)\n\tat org.apache.maven.surefire.testng.TestNGExecutor.run(TestNGExecutor.java:308)\n\tat org.apache.maven.surefire.testng.TestNGXmlTestSuite.execute(TestNGXmlTestSuite.java:71)\n\tat org.apache.maven.surefire.testng.TestNGProvider.invoke(TestNGProvider.java:113)\n\tat org.apache.maven.surefire.booter.ForkedBooter.runSuitesInProcess(ForkedBooter.java:385)\n\tat org.apache.maven.surefire.booter.ForkedBooter.execute(ForkedBooter.java:162)\n\tat org.apache.maven.surefire.booter.ForkedBooter.run(ForkedBooter.java:507)\n\tat org.apache.maven.surefire.booter.ForkedBooter.main(ForkedBooter.java:495)\n","steps":[{"name":"Action: Get board by ID: d406b2f7-314a-477d-9a30-5319a616d3d3","time":{"start":1766873563383,"stop":1766873563473,"duration":90},"status":"passed","steps":[],"attachments":[],"parameters":[{"name":"boardId","value":"d406b2f7-314a-477d-9a30-5319a616d3d3"}],"stepsCount":0,"shouldDisplayMessage":false,"attachmentsCount":0,"hasContent":true,"attachmentStep":false},{"name":"Assert: Validate response status code is 404","time":{"start":1766873563474,"stop":1766873563481,"duration":7},"status":"failed","statusMessage":"Expected status 404 but got 400 expected [404] but found [400]","statusTrace":"java.lang.AssertionError: Expected status 404 but got 400 expected [404] but found [400]\n\tat org.testng.Assert.fail(Assert.java:111)\n\tat org.testng.Assert.failNotEquals(Assert.java:1590)\n\tat org.testng.Assert.assertEqualsImpl(Assert.java:150)\n\tat org.testng.Assert.assertEquals(Assert.java:132)\n\tat org.testng.Assert.assertEquals(Assert.java:1431)\n\tat org.testng.Assert.assertEquals(Assert.java:1395)\n\tat com.trello.steps.BoardSteps.validateStatusCode(BoardSteps.java:71)\n\tat com.trello.tests.BoardTest.testGetNonExistentBoard(BoardTest.java:127)\n\tat java.base/jdk.internal.reflect.NativeMethodAccessorImpl.invoke0(Native Method)\n\tat java.base/jdk.internal.reflect.NativeMethodAccessorImpl.invoke(NativeMethodAccessorImpl.java:77)\n\tat java.base/jdk.internal.reflect.DelegatingMethodAccessorImpl.invoke(DelegatingMethodAccessorImpl.java:43)\n\tat java.base/java.lang.reflect.Method.invoke(Method.java:569)\n\tat org.testng.internal.invokers.MethodInvocationHelper.invokeMethod(MethodInvocationHelper.java:141)\n\tat org.testng.internal.invokers.TestInvoker.invokeMethod(TestInvoker.java:687)\n\tat org.testng.internal.invokers.TestInvoker.invokeTestMethod(TestInvoker.java:230)\n\tat org.testng.internal.invokers.MethodRunner.runInSequence(MethodRunner.java:63)\n\tat org.testng.internal.invokers.TestInvoker$MethodInvocationAgent.invoke(TestInvoker.java:995)\n\tat org.testng.internal.invokers.TestInvoker.invokeTestMethods(TestInvoker.java:203)\n\tat org.testng.internal.invokers.TestMethodWorker.invokeTestMethods(TestMethodWorker.java:154)\n\tat org.testng.internal.invokers.TestMethodWorker.run(TestMethodWorker.java:134)\n\tat java.base/java.util.ArrayList.forEach(ArrayList.java:1511)\n\tat org.testng.TestRunner.privateRun(TestRunner.java:741)\n\tat org.testng.TestRunner.run(TestRunner.java:616)\n\tat org.testng.SuiteRunner.runTest(SuiteRunner.java:421)\n\tat org.testng.SuiteRunner.runSequentially(SuiteRunner.java:413)\n\tat org.testng.SuiteRunner.privateRun(SuiteRunner.java:373)\n\tat org.testng.SuiteRunner.run(SuiteRunner.java:312)\n\tat org.testng.SuiteRunnerWorker.runSuite(SuiteRunnerWorker.java:52)\n\tat org.testng.SuiteRunnerWorker.run(SuiteRunnerWorker.java:95)\n\tat org.testng.TestNG.runSuitesSequentially(TestNG.java:1274)\n\tat org.testng.TestNG.runSuitesLocally(TestNG.java:1208)\n\tat org.testng.TestNG.runSuites(TestNG.java:1112)\n\tat org.testng.TestNG.run(TestNG.java:1079)\n\tat org.apache.maven.surefire.testng.TestNGExecutor.run(TestNGExecutor.java:308)\n\tat org.apache.maven.surefire.testng.TestNGXmlTestSuite.execute(TestNGXmlTestSuite.java:71)\n\tat org.apache.maven.surefire.testng.TestNGProvider.invoke(TestNGProvider.java:113)\n\tat org.apache.maven.surefire.booter.ForkedBooter.runSuitesInProcess(ForkedBooter.java:385)\n\tat org.apache.maven.surefire.booter.ForkedBooter.execute(ForkedBooter.java:162)\n\tat org.apache.maven.surefire.booter.ForkedBooter.run(ForkedBooter.java:507)\n\tat org.apache.maven.surefire.booter.ForkedBooter.main(ForkedBooter.java:495)\n","steps":[],"attachments":[],"parameters":[{"name":"response","value":"io.restassured.internal.RestAssuredResponseImpl@20276412"},{"name":"expectedStatus","value":"404"}],"stepsCount":0,"shouldDisplayMessage":true,"attachmentsCount":0,"hasContent":true,"attachmentStep":false}],"attachments":[],"parameters":[],"stepsCount":2,"shouldDisplayMessage":false,"attachmentsCount":0,"hasContent":true,"attachmentStep":false},"afterStages":[{"name":"tearDown","time":{"start":1766873563993,"stop":1766873565593,"duration":1600},"description":"","status":"passed","steps":[],"attachments":[],"parameters":[],"stepsCount":0,"shouldDisplayMessage":false,"attachmentsCount":0,"hasContent":false,"attachmentStep":false},{"name":"teardown","time":{"start":1766873565593,"stop":1766873565593,"duration":0},"description":"","status":"passed","steps":[],"attachments":[],"parameters":[],"stepsCount":0,"shouldDisplayMessage":false,"attachmentsCount":0,"hasContent":false,"attachmentStep":false}],"labels":[{"name":"package","value":"com.trello.tests.BoardTest"},{"name":"testClass","value":"com.trello.tests.BoardTest"},{"name":"testMethod","value":"testGetNonExistentBoard"},{"name":"parentSuite","value":"RegressionTests"},{"name":"suite","value":"TrelloBoardRegression"},{"name":"subSuite","value":"com.trello.tests.BoardTest"},{"name":"host","value":"runnervmh13bl"},{"name":"thread","value":"2205@runnervmh13bl.main(1)"},{"name":"framework","value":"testng"},{"name":"language","value":"java"},{"name":"severity","value":"normal"},{"name":"resultFormat","value":"allure2"}],"parameters":[],"links":[],"hidden":false,"retry":false,"extra":{"severity":"normal","retries":[],"categories":[{"name":"Product defects","matchedStatuses":[],"flaky":false}],"history":{"statistic":{"failed":28,"broken":0,"skipped":0,"passed":0,"unknown":0,"total":28},"items":[{"uid":"3115d88ac3c53a9","reportUrl":"https://cornelisp.github.io/TrelloApiTests/116/#testresult/3115d88ac3c53a9","status":"failed","statusDetails":"Expected status 404 but got 400 expected [404] but found [400]","time":{"start":1766787193441,"stop":1766787193538,"duration":97}},{"uid":"79c8d86ef93f1ee0","reportUrl":"https://cornelisp.github.io/TrelloApiTests/115/#testresult/79c8d86ef93f1ee0","status":"failed","statusDetails":"Expected status 404 but got 400 expected [404] but found [400]","time":{"start":1766700792587,"stop":1766700792722,"duration":135}},{"uid":"ad540c1ff0fe0c50","reportUrl":"https://cornelisp.github.io/TrelloApiTests/114/#testresult/ad540c1ff0fe0c50","status":"failed","statusDetails":"Expected status 404 but got 400 expected [404] but found [400]","time":{"start":1766614410673,"stop":1766614410763,"duration":90}},{"uid":"144c6f4ae3bf131f","reportUrl":"https://cornelisp.github.io/TrelloApiTests/113/#testresult/144c6f4ae3bf131f","status":"failed","statusDetails":"Expected status 404 but got 400 expected [404] but found [400]","time":{"start":1766528002615,"stop":1766528002710,"duration":95}},{"uid":"33b899e21377040b","reportUrl":"https://cornelisp.github.io/TrelloApiTests/112/#testresult/33b899e21377040b","status":"failed","statusDetails":"Expected status 404 but got 400 expected [404] but found [400]","time":{"start":1766441636036,"stop":1766441636202,"duration":166}},{"uid":"80a54507001b6496","reportUrl":"https://cornelisp.github.io/TrelloApiTests/111/#testresult/80a54507001b6496","status":"failed","statusDetails":"Expected status 404 but got 400 expected [404] but found [400]","time":{"start":1766355179138,"stop":1766355179298,"duration":160}},{"uid":"3ba41240c54e2245","reportUrl":"https://cornelisp.github.io/TrelloApiTests/110/#testresult/3ba41240c54e2245","status":"failed","statusDetails":"Expected status 404 but got 400 expected [404] but found [400]","time":{"start":1766268746847,"stop":1766268747004,"duration":157}},{"uid":"3d411f4073908fbb","reportUrl":"https://cornelisp.github.io/TrelloApiTests/109/#testresult/3d411f4073908fbb","status":"failed","statusDetails":"Expected status 404 but got 400 expected [404] but found [400]","time":{"start":1766182423846,"stop":1766182424018,"duration":172}},{"uid":"a98edbaf9377018c","reportUrl":"https://cornelisp.github.io/TrelloApiTests/108/#testresult/a98edbaf9377018c","status":"failed","statusDetails":"Expected status 404 but got 400 expected [404] but found [400]","time":{"start":1766095991013,"stop":1766095991108,"duration":95}},{"uid":"88649c11f831de39","reportUrl":"https://cornelisp.github.io/TrelloApiTests/107/#testresult/88649c11f831de39","status":"failed","statusDetails":"Expected status 404 but got 400 expected [404] but found [400]","time":{"start":1766009608286,"stop":1766009608381,"duration":95}},{"uid":"aa5d680c0ce24b6c","reportUrl":"https://cornelisp.github.io/TrelloApiTests/106/#testresult/aa5d680c0ce24b6c","status":"failed","statusDetails":"Expected status 404 but got 400 expected [404] but found [400]","time":{"start":1765923232941,"stop":1765923233044,"duration":103}},{"uid":"a6a9f86d9c7e7f5e","reportUrl":"https://cornelisp.github.io/TrelloApiTests/105/#testresult/a6a9f86d9c7e7f5e","status":"failed","statusDetails":"Expected status 404 but got 400 expected [404] but found [400]","time":{"start":1765836827829,"stop":1765836827961,"duration":132}},{"uid":"36147dfa2bbb5541","reportUrl":"https://cornelisp.github.io/TrelloApiTests/104/#testresult/36147dfa2bbb5541","status":"failed","statusDetails":"Expected status 404 but got 400 expected [404] but found [400]","time":{"start":1765750344196,"stop":1765750344322,"duration":126}},{"uid":"acb1e49d66a3dcd9","reportUrl":"https://cornelisp.github.io/TrelloApiTests/103/#testresult/acb1e49d66a3dcd9","status":"failed","statusDetails":"Expected status 404 but got 400 expected [404] but found [400]","time":{"start":1765663941089,"stop":1765663941251,"duration":162}},{"uid":"d1c3fd20db358419","reportUrl":"https://cornelisp.github.io/TrelloApiTests/102/#testresult/d1c3fd20db358419","status":"failed","statusDetails":"Expected status 404 but got 400 expected [404] but found [400]","time":{"start":1765577599603,"stop":1765577599765,"duration":162}},{"uid":"106fe60812d7ef6b","reportUrl":"https://cornelisp.github.io/TrelloApiTests/101/#testresult/106fe60812d7ef6b","status":"failed","statusDetails":"Expected status 404 but got 400 expected [404] but found [400]","time":{"start":1765491212001,"stop":1765491212136,"duration":135}},{"uid":"8a372a3f6ca8a406","reportUrl":"https://cornelisp.github.io/TrelloApiTests/100/#testresult/8a372a3f6ca8a406","status":"failed","statusDetails":"Expected status 404 but got 400 expected [404] but found [400]","time":{"start":1765404849122,"stop":1765404849210,"duration":88}},{"uid":"1bcf49021df61ffc","reportUrl":"https://cornelisp.github.io/TrelloApiTests/99/#testresult/1bcf49021df61ffc","status":"failed","statusDetails":"Expected status 404 but got 400 expected [404] but found [400]","time":{"start":1765318447568,"stop":1765318447655,"duration":87}},{"uid":"3225770e9c7cc243","reportUrl":"https://cornelisp.github.io/TrelloApiTests/98/#testresult/3225770e9c7cc243","status":"failed","statusDetails":"Expected status 404 but got 400 expected [404] but found [400]","time":{"start":1765231986093,"stop":1765231986272,"duration":179}},{"uid":"ae7b01081d92e900","reportUrl":"https://cornelisp.github.io/TrelloApiTests/97/#testresult/ae7b01081d92e900","status":"failed","statusDetails":"Expected status 404 but got 400 expected [404] but found [400]","time":{"start":1765145537564,"stop":1765145537670,"duration":106}}]},"tags":[]},"source":"ad8082ce75cebd30.json","parameterValues":[]}